<?xml version="1.0" encoding="UTF-8"?>
<!-- Generated by org.testng.reporters.JUnitXMLReporter -->
<testsuite ignored="0" hostname="SwechaAntara" failures="0" tests="15" name=" FREE CRM App Test Cases " time="183.837" errors="0" timestamp="2022-10-13T12:37:01 JST">
  <testcase classname="com.crm.qa.testcases.LoginPageTest" name="LoginPageTitletest" time="0.01"/>
  <testcase classname="com.crm.qa.testcases.LoginPageTest" name="CRMLogoImageTest" time="0.075"/>
  <testcase classname="com.crm.qa.testcases.LoginPageTest" name="LoginTest" time="7.694"/>
  <testcase classname="com.crm.qa.testcases.HomePageTest" name="ValidateHomePageTitleTest" time="0.005"/>
  <testcase classname="com.crm.qa.testcases.HomePageTest" name="ValidateLoggedInUserNameTest" time="0.072"/>
  <testcase classname="com.crm.qa.testcases.HomePageTest" name="VerifyCalendarpageClick" time="3.504"/>
  <testcase classname="com.crm.qa.testcases.HomePageTest" name="VerifyContactsPage" time="2.985"/>
  <testcase classname="com.crm.qa.testcases.HomePageTest" name="VerifyDealsIconClick" time="2.967"/>
  <testcase classname="com.crm.qa.testcases.ContactsPageTest" name="VerifyContactsLabelTest" time="0.028"/>
  <testcase classname="com.crm.qa.testcases.ContactsPageTest" name="VerifyCheckboxClickTest" time="0.069"/>
  <testcase classname="com.crm.qa.testcases.ContactsPageTest" name="VerifyMultipleCheckboxClickTest" time="0.125"/>
  <testcase classname="com.crm.qa.testcases.ContactsPageTest" name="ValidateCreateNewContact" time="2.972"/>
  <testcase classname="com.crm.qa.testcases.ContactsPageTest" name="ValidateCreateNewContact" time="2.453"/>
  <testcase classname="com.crm.qa.testcases.ContactsPageTest" name="ValidateCreateNewContact" time="2.558"/>
  <testcase classname="com.crm.qa.testcases.ContactsPageTest" name="ValidateCreateNewContact" time="2.558"/>
</testsuite> <!--  FREE CRM App Test Cases  -->
