<?xml version="1.0" encoding="UTF-8"?>
<!-- Generated by org.testng.reporters.JUnitXMLReporter -->
<testsuite ignored="0" hostname="SwechaAntara" failures="0" tests="3" name="Default test" time="23.975" errors="0" timestamp="2022-10-04T13:45:38 JST">
  <testcase classname="com.crm.qa.testcases.LoginPageTest" name="LoginPageTitletest" time="0.024"/>
  <testcase classname="com.crm.qa.testcases.LoginPageTest" name="CRMLogoImageTest" time="0.155"/>
  <testcase classname="com.crm.qa.testcases.LoginPageTest" name="LoginTest" time="7.751"/>
</testsuite> <!-- Default test -->
