<?xml version="1.0" encoding="UTF-8"?>
<!-- Generated by org.testng.reporters.JUnitXMLReporter -->
<testsuite ignored="0" hostname="SwechaAntara" failures="0" tests="15" name=" FREE CRM App Test Cases " time="361.422" errors="0" timestamp="2022-10-12T13:14:17 JST">
  <testcase classname="com.crm.qa.testcases.LoginPageTest" name="LoginPageTitletest" time="0.073"/>
  <testcase classname="com.crm.qa.testcases.LoginPageTest" name="CRMLogoImageTest" time="1.48"/>
  <testcase classname="com.crm.qa.testcases.LoginPageTest" name="LoginTest" time="11.354"/>
  <testcase classname="com.crm.qa.testcases.HomePageTest" name="ValidateHomePageTitleTest" time="0.302"/>
  <testcase classname="com.crm.qa.testcases.HomePageTest" name="ValidateLoggedInUserNameTest" time="0.191"/>
  <testcase classname="com.crm.qa.testcases.HomePageTest" name="VerifyCalendarpageClick" time="5.168"/>
  <testcase classname="com.crm.qa.testcases.HomePageTest" name="VerifyContactsPage" time="5.835"/>
  <testcase classname="com.crm.qa.testcases.HomePageTest" name="VerifyDealsIconClick" time="4.961"/>
  <testcase classname="com.crm.qa.testcases.ContactsPageTest" name="VerifyContactsLabelTest" time="0.069"/>
  <testcase classname="com.crm.qa.testcases.ContactsPageTest" name="VerifyCheckboxClickTest" time="0.197"/>
  <testcase classname="com.crm.qa.testcases.ContactsPageTest" name="VerifyMultipleCheckboxClickTest" time="4.778"/>
  <testcase classname="com.crm.qa.testcases.ContactsPageTest" name="ValidateCreateNewContact" time="9.997"/>
  <testcase classname="com.crm.qa.testcases.ContactsPageTest" name="ValidateCreateNewContact" time="3.36"/>
  <testcase classname="com.crm.qa.testcases.ContactsPageTest" name="ValidateCreateNewContact" time="2.229"/>
  <testcase classname="com.crm.qa.testcases.ContactsPageTest" name="ValidateCreateNewContact" time="2.499"/>
</testsuite> <!--  FREE CRM App Test Cases  -->
